0 info it worked if it ends with ok
1 verbose cli [ 'D:\\utilities\\NodeJS\\node.exe',
1 verbose cli   'D:\\utilities\\NodeJS\\node_modules\\npm\\bin\\npm-cli.js',
1 verbose cli   'outdated',
1 verbose cli   '--json' ]
2 info using npm@3.10.8
3 info using node@v6.9.1
4 silly mapToRegistry name react
5 silly mapToRegistry using default registry
6 silly mapToRegistry registry https://registry.npmjs.org/
7 silly mapToRegistry data Result {
7 silly mapToRegistry   raw: 'react',
7 silly mapToRegistry   scope: null,
7 silly mapToRegistry   escapedName: 'react',
7 silly mapToRegistry   name: 'react',
7 silly mapToRegistry   rawSpec: '',
7 silly mapToRegistry   spec: 'latest',
7 silly mapToRegistry   type: 'tag' }
8 silly mapToRegistry uri https://registry.npmjs.org/react
9 silly mapToRegistry name todomvc-app-css
10 silly mapToRegistry using default registry
11 silly mapToRegistry registry https://registry.npmjs.org/
12 silly mapToRegistry data Result {
12 silly mapToRegistry   raw: 'todomvc-app-css',
12 silly mapToRegistry   scope: null,
12 silly mapToRegistry   escapedName: 'todomvc-app-css',
12 silly mapToRegistry   name: 'todomvc-app-css',
12 silly mapToRegistry   rawSpec: '',
12 silly mapToRegistry   spec: 'latest',
12 silly mapToRegistry   type: 'tag' }
13 silly mapToRegistry uri https://registry.npmjs.org/todomvc-app-css
14 silly mapToRegistry name director
15 silly mapToRegistry using default registry
16 silly mapToRegistry registry https://registry.npmjs.org/
17 silly mapToRegistry data Result {
17 silly mapToRegistry   raw: 'director',
17 silly mapToRegistry   scope: null,
17 silly mapToRegistry   escapedName: 'director',
17 silly mapToRegistry   name: 'director',
17 silly mapToRegistry   rawSpec: '',
17 silly mapToRegistry   spec: 'latest',
17 silly mapToRegistry   type: 'tag' }
18 silly mapToRegistry uri https://registry.npmjs.org/director
19 verbose request uri https://registry.npmjs.org/director
20 verbose request no auth needed
21 info attempt registry request try #1 at 9:23:38 PM
22 verbose request id 72d2a5e034315cb9
23 verbose etag W/"583687d9-f909"
24 verbose lastModified Thu, 24 Nov 2016 06:25:29 GMT
25 http request GET https://registry.npmjs.org/director
26 verbose get https://registry.npmjs.org/react not expired, no request
27 verbose get https://registry.npmjs.org/todomvc-app-css not expired, no request
28 http 304 https://registry.npmjs.org/director
29 verbose headers { date: 'Sat, 03 Dec 2016 11:23:38 GMT',
29 verbose headers   via: '1.1 varnish',
29 verbose headers   'cache-control': 'max-age=300',
29 verbose headers   etag: 'W/"583687d9-f909"',
29 verbose headers   age: '191',
29 verbose headers   connection: 'keep-alive',
29 verbose headers   'x-served-by': 'cache-bne7722-BNE',
29 verbose headers   'x-cache': 'HIT',
29 verbose headers   'x-cache-hits': '7',
29 verbose headers   'x-timer': 'S1480764218.915275,VS0,VE0',
29 verbose headers   vary: 'Accept-Encoding' }
30 silly get cb [ 304,
30 silly get   { date: 'Sat, 03 Dec 2016 11:23:38 GMT',
30 silly get     via: '1.1 varnish',
30 silly get     'cache-control': 'max-age=300',
30 silly get     etag: 'W/"583687d9-f909"',
30 silly get     age: '191',
30 silly get     connection: 'keep-alive',
30 silly get     'x-served-by': 'cache-bne7722-BNE',
30 silly get     'x-cache': 'HIT',
30 silly get     'x-cache-hits': '7',
30 silly get     'x-timer': 'S1480764218.915275,VS0,VE0',
30 silly get     vary: 'Accept-Encoding' } ]
31 verbose etag https://registry.npmjs.org/director from cache
32 verbose get saving director to C:\Users\Enrique\AppData\Roaming\npm-cache\registry.npmjs.org\director\.cache.json
33 verbose correctMkdir C:\Users\Enrique\AppData\Roaming\npm-cache correctMkdir not in flight; initializing
34 silly cache add args [ 'director', '^2.0.6' ]
35 verbose cache add spec director@^2.0.6
36 silly cache add parsed spec Result {
36 silly cache add   raw: 'director@^2.0.6',
36 silly cache add   scope: null,
36 silly cache add   escapedName: 'director',
36 silly cache add   name: 'director',
36 silly cache add   rawSpec: '^2.0.6',
36 silly cache add   spec: '>=2.0.6 <3.0.0',
36 silly cache add   type: 'range' }
37 silly addNamed director@>=2.0.6 <3.0.0
38 verbose addNamed ">=2.0.6 <3.0.0" is a valid semver range for director
39 silly addNameRange { name: 'director', range: '>=2.0.6 <3.0.0', hasData: false }
40 silly mapToRegistry name director
41 silly mapToRegistry using default registry
42 silly mapToRegistry registry https://registry.npmjs.org/
43 silly mapToRegistry data Result {
43 silly mapToRegistry   raw: 'director',
43 silly mapToRegistry   scope: null,
43 silly mapToRegistry   escapedName: 'director',
43 silly mapToRegistry   name: 'director',
43 silly mapToRegistry   rawSpec: '',
43 silly mapToRegistry   spec: 'latest',
43 silly mapToRegistry   type: 'tag' }
44 silly mapToRegistry uri https://registry.npmjs.org/director
45 verbose addNameRange registry:https://registry.npmjs.org/director not in flight; fetching
46 verbose get https://registry.npmjs.org/director not expired, no request
47 silly addNameRange number 2 { name: 'director', range: '>=2.0.6 <3.0.0', hasData: true }
48 silly addNameRange versions [ 'director',
48 silly addNameRange   [ '1.0.2',
48 silly addNameRange     '1.0.3',
48 silly addNameRange     '1.0.4',
48 silly addNameRange     '1.0.5',
48 silly addNameRange     '1.0.6',
48 silly addNameRange     '1.0.7',
48 silly addNameRange     '1.0.8',
48 silly addNameRange     '1.0.9',
48 silly addNameRange     '1.0.9-1',
48 silly addNameRange     '1.0.10',
48 silly addNameRange     '1.0.11',
48 silly addNameRange     '1.1.0',
48 silly addNameRange     '1.1.1',
48 silly addNameRange     '1.1.2',
48 silly addNameRange     '1.1.3',
48 silly addNameRange     '1.1.4',
48 silly addNameRange     '1.1.6',
48 silly addNameRange     '1.1.7',
48 silly addNameRange     '1.1.8',
48 silly addNameRange     '1.1.9',
48 silly addNameRange     '1.1.10',
48 silly addNameRange     '1.2.0',
48 silly addNameRange     '1.2.1',
48 silly addNameRange     '1.2.2',
48 silly addNameRange     '1.2.3',
48 silly addNameRange     '1.2.5',
48 silly addNameRange     '1.2.6',
48 silly addNameRange     '1.2.7',
48 silly addNameRange     '1.2.8' ] ]
49 verbose stack Error: No compatible version found: director@'>=2.0.6 <3.0.0'
49 verbose stack Valid install targets:
49 verbose stack 1.0.2, 1.0.3, 1.0.4, 1.0.5, 1.0.6, 1.0.7, 1.0.8, 1.0.9, 1.0.9-1, 1.0.10, 1.0.11, 1.1.0, 1.1.1, 1.1.2, 1.1.3, 1.1.4, 1.1.6, 1.1.7, 1.1.8, 1.1.9, 1.1.10, 1.2.0, 1.2.1, 1.2.2, 1.2.3, 1.2.5, 1.2.6, 1.2.7, 1.2.8
49 verbose stack
49 verbose stack     at installTargetsError (D:\utilities\NodeJS\node_modules\npm\lib\cache\add-named.js:292:12)
49 verbose stack     at next (D:\utilities\NodeJS\node_modules\npm\lib\cache\add-named.js:270:19)
49 verbose stack     at setData (D:\utilities\NodeJS\node_modules\npm\lib\cache\add-named.js:242:5)
49 verbose stack     at RES (D:\utilities\NodeJS\node_modules\npm\node_modules\inflight\inflight.js:23:14)
49 verbose stack     at f (D:\utilities\NodeJS\node_modules\npm\node_modules\once\once.js:25:25)
49 verbose stack     at fixName (D:\utilities\NodeJS\node_modules\npm\lib\cache\add-named.js:30:5)
49 verbose stack     at D:\utilities\NodeJS\node_modules\npm\lib\utils\pulse-till-done.js:20:8
49 verbose stack     at CachingRegistryClient.get_ (D:\utilities\NodeJS\node_modules\npm\lib\cache\caching-client.js:126:16)
49 verbose stack     at D:\utilities\NodeJS\node_modules\npm\lib\cache\caching-client.js:91:14
49 verbose stack     at D:\utilities\NodeJS\node_modules\npm\node_modules\graceful-fs\graceful-fs.js:78:16
50 verbose cwd C:\Users\Enrique\WebstormProjects\ReactAnimaTools
51 error Windows_NT 10.0.14393
52 error argv "D:\\utilities\\NodeJS\\node.exe" "D:\\utilities\\NodeJS\\node_modules\\npm\\bin\\npm-cli.js" "outdated" "--json"
53 error node v6.9.1
54 error npm  v3.10.8
55 error code ETARGET
56 error notarget No compatible version found: director@'>=2.0.6 <3.0.0'
56 error notarget Valid install targets:
56 error notarget 1.0.2, 1.0.3, 1.0.4, 1.0.5, 1.0.6, 1.0.7, 1.0.8, 1.0.9, 1.0.9-1, 1.0.10, 1.0.11, 1.1.0, 1.1.1, 1.1.2, 1.1.3, 1.1.4, 1.1.6, 1.1.7, 1.1.8, 1.1.9, 1.1.10, 1.2.0, 1.2.1, 1.2.2, 1.2.3, 1.2.5, 1.2.6, 1.2.7, 1.2.8
57 error notarget This is most likely not a problem with npm itself.
57 error notarget In most cases you or one of your dependencies are requesting
57 error notarget a package version that doesn't exist.
58 verbose exit [ 1, true ]
